

Started GET "/" for 127.0.0.1 at 2021-05-14 20:05:10 -0700
Processing by Rails::WelcomeController#index as HTML
  Rendered /usr/lib/ruby/vendor_ruby/rails/templates/rails/welcome/index.html.erb (1.1ms)
Completed 200 OK in 10ms (Views: 5.5ms | ActiveRecord: 0.0ms)
  [1m[36m (99.6ms)[0m  [1mCREATE TABLE "schema_migrations" ("version" varchar NOT NULL) [0m
  [1m[35m (0.2ms)[0m  select sqlite_version(*)
  [1m[36m (116.3ms)[0m  [1mCREATE UNIQUE INDEX "unique_schema_migrations" ON "schema_migrations" ("version")[0m
  [1m[35mActiveRecord::SchemaMigration Load (0.2ms)[0m  SELECT "schema_migrations".* FROM "schema_migrations"
Migrating to CreatePhotos (20210515181523)
  [1m[36m (0.1ms)[0m  [1mbegin transaction[0m
  [1m[35m (0.2ms)[0m  CREATE TABLE "photos" ("id" INTEGER PRIMARY KEY AUTOINCREMENT NOT NULL, "title" varchar, "created_at" datetime NOT NULL, "updated_at" datetime NOT NULL) 
  [1m[36mSQL (0.2ms)[0m  [1mINSERT INTO "schema_migrations" ("version") VALUES (?)[0m  [["version", "20210515181523"]]
  [1m[35m (111.6ms)[0m  commit transaction
  [1m[36mActiveRecord::SchemaMigration Load (0.1ms)[0m  [1mSELECT "schema_migrations".* FROM "schema_migrations"[0m
  [1m[36mActiveRecord::SchemaMigration Load (0.1ms)[0m  [1mSELECT "schema_migrations".* FROM "schema_migrations"[0m
Migrating to AddAttachmentImageToPhotos (20210515181540)
  [1m[35m (0.1ms)[0m  begin transaction
  [1m[36m (0.2ms)[0m  [1mALTER TABLE "photos" ADD "image_file_name" varchar[0m
  [1m[35m (0.1ms)[0m  ALTER TABLE "photos" ADD "image_content_type" varchar
  [1m[36m (0.1ms)[0m  [1mALTER TABLE "photos" ADD "image_file_size" bigint[0m
  [1m[35m (0.1ms)[0m  ALTER TABLE "photos" ADD "image_updated_at" datetime
  [1m[36mSQL (0.1ms)[0m  [1mINSERT INTO "schema_migrations" ("version") VALUES (?)[0m  [["version", "20210515181540"]]
  [1m[35m (707.0ms)[0m  commit transaction
  [1m[36mActiveRecord::SchemaMigration Load (0.3ms)[0m  [1mSELECT "schema_migrations".* FROM "schema_migrations"[0m


Started GET "/photos" for 127.0.0.1 at 2021-05-15 12:14:58 -0700
  [1m[36mActiveRecord::SchemaMigration Load (0.1ms)[0m  [1mSELECT "schema_migrations".* FROM "schema_migrations"[0m

ActionController::RoutingError (No route matches [GET] "/photos"):
  


  Rendered /usr/lib/ruby/vendor_ruby/action_dispatch/middleware/templates/rescues/_trace.html.erb (1.1ms)
  Rendered /usr/lib/ruby/vendor_ruby/action_dispatch/middleware/templates/routes/_table.html.erb (41.4ms)
  Rendered /usr/lib/ruby/vendor_ruby/action_dispatch/middleware/templates/rescues/_request_and_response.html.erb (18.4ms)
  Rendered /usr/lib/ruby/vendor_ruby/action_dispatch/middleware/templates/rescues/routing_error.html.erb within rescues/layout (110.0ms)
  Rendered /usr/lib/ruby/vendor_ruby/web_console/templates/_markup.html.erb (0.4ms)
  Rendered /usr/lib/ruby/vendor_ruby/web_console/templates/_inner_console_markup.html.erb within layouts/inlined_string (0.4ms)
  Rendered /usr/lib/ruby/vendor_ruby/web_console/templates/_prompt_box_markup.html.erb within layouts/inlined_string (0.2ms)
  Rendered /usr/lib/ruby/vendor_ruby/web_console/templates/style.css.erb within layouts/inlined_string (0.2ms)
  Rendered /usr/lib/ruby/vendor_ruby/web_console/templates/console.js.erb within layouts/javascript (17.9ms)
  Rendered /usr/lib/ruby/vendor_ruby/web_console/templates/main.js.erb within layouts/javascript (0.1ms)
  Rendered /usr/lib/ruby/vendor_ruby/web_console/templates/error_page.js.erb within layouts/javascript (0.3ms)
  Rendered /usr/lib/ruby/vendor_ruby/web_console/templates/index.html.erb (43.2ms)


Started GET "/photos" for 127.0.0.1 at 2021-05-15 12:15:48 -0700

ActionController::RoutingError (uninitialized constant PhotosController):
  /usr/lib/ruby/vendor_ruby/active_support/inflector/methods.rb:261:in `const_get'
  /usr/lib/ruby/vendor_ruby/active_support/inflector/methods.rb:261:in `block in constantize'
  /usr/lib/ruby/vendor_ruby/active_support/inflector/methods.rb:259:in `each'
  /usr/lib/ruby/vendor_ruby/active_support/inflector/methods.rb:259:in `inject'
  /usr/lib/ruby/vendor_ruby/active_support/inflector/methods.rb:259:in `constantize'
  /usr/lib/ruby/vendor_ruby/action_dispatch/routing/route_set.rb:70:in `controller_reference'
  /usr/lib/ruby/vendor_ruby/action_dispatch/routing/route_set.rb:60:in `controller'
  /usr/lib/ruby/vendor_ruby/action_dispatch/routing/route_set.rb:39:in `serve'
  /usr/lib/ruby/vendor_ruby/action_dispatch/journey/router.rb:43:in `block in serve'
  /usr/lib/ruby/vendor_ruby/action_dispatch/journey/router.rb:30:in `each'
  /usr/lib/ruby/vendor_ruby/action_dispatch/journey/router.rb:30:in `serve'
  /usr/lib/ruby/vendor_ruby/action_dispatch/routing/route_set.rb:817:in `call'
  /usr/lib/ruby/vendor_ruby/rack/etag.rb:24:in `call'
  /usr/lib/ruby/vendor_ruby/rack/conditionalget.rb:25:in `call'
  /usr/lib/ruby/vendor_ruby/rack/head.rb:13:in `call'
  /usr/lib/ruby/vendor_ruby/action_dispatch/middleware/params_parser.rb:27:in `call'
  /usr/lib/ruby/vendor_ruby/action_dispatch/middleware/flash.rb:260:in `call'
  /usr/lib/ruby/vendor_ruby/rack/session/abstract/id.rb:225:in `context'
  /usr/lib/ruby/vendor_ruby/rack/session/abstract/id.rb:220:in `call'
  /usr/lib/ruby/vendor_ruby/action_dispatch/middleware/cookies.rb:560:in `call'
  /usr/lib/ruby/vendor_ruby/active_record/query_cache.rb:36:in `call'
  /usr/lib/ruby/vendor_ruby/active_record/connection_adapters/abstract/connection_pool.rb:653:in `call'
  /usr/lib/ruby/vendor_ruby/active_record/migration.rb:377:in `call'
  /usr/lib/ruby/vendor_ruby/action_dispatch/middleware/callbacks.rb:29:in `block in call'
  /usr/lib/ruby/vendor_ruby/active_support/callbacks.rb:88:in `__run_callbacks__'
  /usr/lib/ruby/vendor_ruby/active_support/callbacks.rb:778:in `_run_call_callbacks'
  /usr/lib/ruby/vendor_ruby/active_support/callbacks.rb:81:in `run_callbacks'
  /usr/lib/ruby/vendor_ruby/action_dispatch/middleware/callbacks.rb:27:in `call'
  /usr/lib/ruby/vendor_ruby/action_dispatch/middleware/reloader.rb:73:in `call'
  /usr/lib/ruby/vendor_ruby/action_dispatch/middleware/remote_ip.rb:78:in `call'
  /usr/lib/ruby/vendor_ruby/action_dispatch/middleware/debug_exceptions.rb:17:in `call'
  /usr/lib/ruby/vendor_ruby/web_console/middleware.rb:39:in `call'
  /usr/lib/ruby/vendor_ruby/action_dispatch/middleware/show_exceptions.rb:30:in `call'
  /usr/lib/ruby/vendor_ruby/rails/rack/logger.rb:38:in `call_app'
  /usr/lib/ruby/vendor_ruby/rails/rack/logger.rb:20:in `block in call'
  /usr/lib/ruby/vendor_ruby/active_support/tagged_logging.rb:68:in `block in tagged'
  /usr/lib/ruby/vendor_ruby/active_support/tagged_logging.rb:26:in `tagged'
  /usr/lib/ruby/vendor_ruby/active_support/tagged_logging.rb:68:in `tagged'
  /usr/lib/ruby/vendor_ruby/rails/rack/logger.rb:20:in `call'
  /usr/lib/ruby/vendor_ruby/action_dispatch/middleware/request_id.rb:21:in `call'
  /usr/lib/ruby/vendor_ruby/rack/methodoverride.rb:22:in `call'
  /usr/lib/ruby/vendor_ruby/rack/runtime.rb:18:in `call'
  /usr/lib/ruby/vendor_ruby/active_support/cache/strategy/local_cache_middleware.rb:28:in `call'
  /usr/lib/ruby/vendor_ruby/rack/lock.rb:17:in `call'
  /usr/lib/ruby/vendor_ruby/action_dispatch/middleware/static.rb:120:in `call'
  /usr/lib/ruby/vendor_ruby/rack/sendfile.rb:113:in `call'
  /usr/lib/ruby/vendor_ruby/rails/engine.rb:518:in `call'
  /usr/lib/ruby/vendor_ruby/rails/application.rb:165:in `call'
  /usr/lib/ruby/vendor_ruby/rack/lock.rb:17:in `call'
  /usr/lib/ruby/vendor_ruby/rack/content_length.rb:15:in `call'
  /usr/lib/ruby/vendor_ruby/rack/handler/webrick.rb:88:in `service'
  /usr/lib/ruby/2.5.0/webrick/httpserver.rb:140:in `service'
  /usr/lib/ruby/2.5.0/webrick/httpserver.rb:96:in `run'
  /usr/lib/ruby/2.5.0/webrick/server.rb:307:in `block in start_thread'


  Rendered /usr/lib/ruby/vendor_ruby/action_dispatch/middleware/templates/rescues/_trace.html.erb (1.1ms)
  Rendered /usr/lib/ruby/vendor_ruby/action_dispatch/middleware/templates/routes/_route.html.erb (1.3ms)
  Rendered /usr/lib/ruby/vendor_ruby/action_dispatch/middleware/templates/routes/_table.html.erb (1.7ms)
  Rendered /usr/lib/ruby/vendor_ruby/action_dispatch/middleware/templates/rescues/_request_and_response.html.erb (0.8ms)
  Rendered /usr/lib/ruby/vendor_ruby/action_dispatch/middleware/templates/rescues/routing_error.html.erb within rescues/layout (34.5ms)
  Rendered /usr/lib/ruby/vendor_ruby/web_console/templates/_markup.html.erb (0.2ms)
  Rendered /usr/lib/ruby/vendor_ruby/web_console/templates/_inner_console_markup.html.erb within layouts/inlined_string (0.1ms)
  Rendered /usr/lib/ruby/vendor_ruby/web_console/templates/_prompt_box_markup.html.erb within layouts/inlined_string (0.2ms)
  Rendered /usr/lib/ruby/vendor_ruby/web_console/templates/style.css.erb within layouts/inlined_string (0.1ms)
  Rendered /usr/lib/ruby/vendor_ruby/web_console/templates/console.js.erb within layouts/javascript (8.6ms)
  Rendered /usr/lib/ruby/vendor_ruby/web_console/templates/main.js.erb within layouts/javascript (0.2ms)
  Rendered /usr/lib/ruby/vendor_ruby/web_console/templates/error_page.js.erb within layouts/javascript (0.2ms)
  Rendered /usr/lib/ruby/vendor_ruby/web_console/templates/index.html.erb (17.0ms)


Started GET "/photos" for 127.0.0.1 at 2021-05-15 12:19:52 -0700
Processing by PhotosController#index as HTML
  [1m[35mPhoto Load (0.4ms)[0m  SELECT "photos".* FROM "photos"  ORDER BY created_at
  Rendered photos/index.html.erb within layouts/application (2.3ms)
Completed 200 OK in 4274ms (Views: 4270.7ms | ActiveRecord: 0.6ms)


Started GET "/assets/application.self-e80e8f2318043e8af94dddc2adad5a4f09739a8ebb323b3ab31cd71d45fd9113.css?body=1" for 127.0.0.1 at 2021-05-15 12:19:57 -0700


Started GET "/assets/scanner.self-877aef30ae1b040ab8a3aba4e3e309a11d7f2612f44dde450b5c157aa5f95c05.js?body=1" for 127.0.0.1 at 2021-05-15 12:19:57 -0700


Started GET "/assets/turbolinks.self-6d31c9800156926aa02076f914b9e3c031e14c4c2bff50ee018c18f77fbedfc1.js?body=1" for 127.0.0.1 at 2021-05-15 12:19:57 -0700


Started GET "/assets/scanner.self-e3b0c44298fc1c149afbf4c8996fb92427ae41e4649b934ca495991b7852b855.css?body=1" for 127.0.0.1 at 2021-05-15 12:19:57 -0700


Started GET "/assets/jquery.self-bd7ddd393353a8d2480a622e80342adf488fb6006d667e8b42e4c0073393abee.js?body=1" for 127.0.0.1 at 2021-05-15 12:19:57 -0700


Started GET "/assets/jquery_ujs.self-784a997f6726036b1993eb2217c9cb558e1cbb801c6da88105588c56f13b466a.js?body=1" for 127.0.0.1 at 2021-05-15 12:19:57 -0700


Started GET "/assets/application.self-3b8dabdc891efe46b9a144b400ad69e37d7e5876bdc39dee783419a69d7ca819.js?body=1" for 127.0.0.1 at 2021-05-15 12:19:57 -0700


Started GET "/photos" for 127.0.0.1 at 2021-05-15 12:21:28 -0700
Processing by PhotosController#index as HTML
  [1m[36mPhoto Load (0.1ms)[0m  [1mSELECT "photos".* FROM "photos"  ORDER BY created_at[0m
  Rendered photos/index.html.erb within layouts/application (9.9ms)
Completed 200 OK in 26ms (Views: 25.1ms | ActiveRecord: 0.1ms)


Started GET "/photos/new" for 127.0.0.1 at 2021-05-15 12:44:25 -0700
Processing by PhotosController#new as HTML
  Rendered photos/new.html.erb within layouts/application (379.9ms)
Completed 200 OK in 462ms (Views: 456.8ms | ActiveRecord: 0.3ms)


Started GET "/" for 127.0.0.1 at 2021-05-15 15:53:43 -0700
Processing by PhotosController#index as HTML
  [1m[35mPhoto Load (43.5ms)[0m  SELECT "photos".* FROM "photos"  ORDER BY created_at
  Rendered photos/index.html.erb within layouts/application (45.2ms)
Completed 200 OK in 581ms (Views: 536.9ms | ActiveRecord: 43.5ms)


Started GET "/" for 127.0.0.1 at 2021-05-15 15:54:31 -0700
Processing by PhotosController#index as HTML
  [1m[36mPhoto Load (0.1ms)[0m  [1mSELECT "photos".* FROM "photos"  ORDER BY created_at[0m
  Rendered photos/index.html.erb within layouts/application (2.0ms)
Completed 200 OK in 34ms (Views: 33.6ms | ActiveRecord: 0.1ms)


Started GET "/" for 127.0.0.1 at 2021-05-15 16:00:48 -0700
Processing by PhotosController#index as HTML
  [1m[35mPhoto Load (0.1ms)[0m  SELECT "photos".* FROM "photos"  ORDER BY created_at
  Rendered photos/index.html.erb within layouts/application (1.1ms)
Completed 200 OK in 26ms (Views: 24.5ms | ActiveRecord: 0.1ms)


Started GET "/photos/new" for 127.0.0.1 at 2021-05-15 16:43:46 -0700
Processing by PhotosController#new as HTML
  Rendered photos/new.html.erb within layouts/application (2.6ms)
Completed 200 OK in 503ms (Views: 502.0ms | ActiveRecord: 0.0ms)


Started POST "/photos" for 127.0.0.1 at 2021-05-15 16:44:55 -0700
Processing by PhotosController#create as HTML
  Parameters: {"utf8"=>"✓", "authenticity_token"=>"auJv3f9UzW0EIjYbOCPgDnaiPmjKxjtpx8hQXVUOs8bXp5Ynyzh/V8f0Hr3jR/v3xwa3kTy5TnbvLuuUEr3ABA==", "title"=>{"{:class=>%22form-control%22}"=>"MGarden"}, "photo"=>{"image"=>#<ActionDispatch::Http::UploadedFile:0x00007f6d04b12c40 @tempfile=#<Tempfile:/tmp/RackMultipart20210515-16775-1bjp5.jpg>, @original_filename="mgarden3.jpg", @content_type="image/jpeg", @headers="Content-Disposition: form-data; name=\"photo[image]\"; filename=\"mgarden3.jpg\"\r\nContent-Type: image/jpeg\r\n">}, "commit"=>"Upload Photo"}
[paperclip] Trying to link /tmp/RackMultipart20210515-16775-1bjp5.jpg to /tmp/1b03703f6db87c25bf8a0a1c8e14e4a320210515-16775-c6qnx6.jpg
Completed 500 Internal Server Error in 2ms (ActiveRecord: 0.0ms)

Paperclip::Errors::MissingRequiredValidatorError (Paperclip::Errors::MissingRequiredValidatorError):
  


  Rendered /usr/lib/ruby/vendor_ruby/action_dispatch/middleware/templates/rescues/_source.erb (0.9ms)
  Rendered /usr/lib/ruby/vendor_ruby/action_dispatch/middleware/templates/rescues/_trace.html.erb (1.3ms)
  Rendered /usr/lib/ruby/vendor_ruby/action_dispatch/middleware/templates/rescues/_request_and_response.html.erb (1.7ms)
  Rendered /usr/lib/ruby/vendor_ruby/action_dispatch/middleware/templates/rescues/diagnostics.html.erb within rescues/layout (62.1ms)
Cannot render console with content type multipart/form-dataAllowed content types: [#<Mime::Type:0x00005599036ffd50 @synonyms=["application/xhtml+xml"], @symbol=:html, @string="text/html", @hash=2528854265946595438>, #<Mime::Type:0x00005599036ffaf8 @synonyms=[], @symbol=:text, @string="text/plain", @hash=3547151089385554962>, #<Mime::Type:0x00005599036e7ef8 @synonyms=[], @symbol=:url_encoded_form, @string="application/x-www-form-urlencoded", @hash=-3538219257780384005>]


Started POST "/photos" for 127.0.0.1 at 2021-05-15 16:47:11 -0700
Processing by PhotosController#create as HTML
  Parameters: {"utf8"=>"✓", "authenticity_token"=>"auJv3f9UzW0EIjYbOCPgDnaiPmjKxjtpx8hQXVUOs8bXp5Ynyzh/V8f0Hr3jR/v3xwa3kTy5TnbvLuuUEr3ABA==", "title"=>{"{:class=>%22form-control%22}"=>"MGarden"}, "photo"=>{"image"=>#<ActionDispatch::Http::UploadedFile:0x0000559905dc40f8 @tempfile=#<Tempfile:/tmp/RackMultipart20210515-16775-t0n10j.jpg>, @original_filename="mgarden3.jpg", @content_type="image/jpeg", @headers="Content-Disposition: form-data; name=\"photo[image]\"; filename=\"mgarden3.jpg\"\r\nContent-Type: image/jpeg\r\n">}, "commit"=>"Upload Photo"}
[paperclip] Trying to link /tmp/RackMultipart20210515-16775-t0n10j.jpg to /tmp/1b03703f6db87c25bf8a0a1c8e14e4a320210515-16775-11gehd5.jpg
[paperclip] Trying to link /tmp/1b03703f6db87c25bf8a0a1c8e14e4a320210515-16775-11gehd5.jpg to /tmp/1b03703f6db87c25bf8a0a1c8e14e4a320210515-16775-nnh4aw.jpg
Command :: file -b --mime '/tmp/1b03703f6db87c25bf8a0a1c8e14e4a320210515-16775-nnh4aw.jpg'
  [1m[36m (0.1ms)[0m  [1mbegin transaction[0m
[paperclip] Trying to link /tmp/1b03703f6db87c25bf8a0a1c8e14e4a320210515-16775-11gehd5.jpg to /tmp/1b03703f6db87c25bf8a0a1c8e14e4a320210515-16775-w15orj.jpg
Command :: file -b --mime '/tmp/1b03703f6db87c25bf8a0a1c8e14e4a320210515-16775-w15orj.jpg'
  [1m[35mSQL (26.0ms)[0m  INSERT INTO "photos" ("image_file_name", "image_content_type", "image_file_size", "image_updated_at", "created_at", "updated_at") VALUES (?, ?, ?, ?, ?, ?)  [["image_file_name", "mgarden3.jpg"], ["image_content_type", "image/jpeg"], ["image_file_size", 103285], ["image_updated_at", "2021-05-15 23:47:11.161071"], ["created_at", "2021-05-15 23:47:11.315492"], ["updated_at", "2021-05-15 23:47:11.315492"]]
  [1m[36m (154.4ms)[0m  [1mcommit transaction[0m
Redirected to http://localhost:3000/
Completed 302 Found in 353ms (ActiveRecord: 181.0ms)


Started GET "/" for 127.0.0.1 at 2021-05-15 16:47:11 -0700
Processing by PhotosController#index as HTML
  [1m[35mPhoto Load (0.2ms)[0m  SELECT "photos".* FROM "photos"  ORDER BY created_at
  Rendered photos/index.html.erb within layouts/application (1.9ms)
Completed 200 OK in 106ms (Views: 105.5ms | ActiveRecord: 0.2ms)


Started GET "/photos" for 127.0.0.1 at 2021-05-15 16:51:01 -0700
Processing by PhotosController#index as HTML
  [1m[36mPhoto Load (0.1ms)[0m  [1mSELECT "photos".* FROM "photos"  ORDER BY created_at[0m
  Rendered photos/index.html.erb within layouts/application (1.0ms)
Completed 200 OK in 20ms (Views: 19.1ms | ActiveRecord: 0.1ms)


Started GET "/" for 127.0.0.1 at 2021-05-15 17:30:08 -0700
  [1m[36mActiveRecord::SchemaMigration Load (0.1ms)[0m  [1mSELECT "schema_migrations".* FROM "schema_migrations"[0m
Processing by PhotosController#index as HTML
  [1m[35mPhoto Load (0.1ms)[0m  SELECT "photos".* FROM "photos"  ORDER BY created_at
  Rendered photos/index.html.erb within layouts/application (6.8ms)
Completed 200 OK in 503ms (Views: 477.4ms | ActiveRecord: 0.4ms)


Started GET "/assets/jquery.self-bd7ddd393353a8d2480a622e80342adf488fb6006d667e8b42e4c0073393abee.js?body=1" for 127.0.0.1 at 2021-05-15 17:30:08 -0700


Started GET "/" for 127.0.0.1 at 2021-05-16 10:54:18 -0700
Processing by PhotosController#index as HTML
  [1m[36mPhoto Load (58.0ms)[0m  [1mSELECT "photos".* FROM "photos"  ORDER BY created_at[0m
  Rendered photos/index.html.erb within layouts/application (2078.8ms)
Completed 200 OK in 11560ms (Views: 10105.5ms | ActiveRecord: 69.1ms)


Started GET "/" for 127.0.0.1 at 2021-05-16 17:32:17 -0700
Processing by PhotosController#index as HTML
  [1m[35mPhoto Load (102.8ms)[0m  SELECT "photos".* FROM "photos"  ORDER BY created_at
  Rendered photos/index.html.erb within layouts/application (105.3ms)
Completed 200 OK in 866ms (Views: 565.4ms | ActiveRecord: 102.8ms)


Started GET "/" for 127.0.0.1 at 2021-05-16 17:32:31 -0700
Processing by PhotosController#index as HTML
  [1m[36mPhoto Load (0.3ms)[0m  [1mSELECT "photos".* FROM "photos"  ORDER BY created_at[0m
  Rendered photos/index.html.erb within layouts/application (22.4ms)
Completed 200 OK in 2790ms (Views: 2768.8ms | ActiveRecord: 0.3ms)


Started GET "/" for 127.0.0.1 at 2021-05-16 17:32:49 -0700
Processing by PhotosController#index as HTML
  [1m[35mPhoto Load (0.3ms)[0m  SELECT "photos".* FROM "photos"  ORDER BY created_at
  Rendered photos/index.html.erb within layouts/application (118.5ms)
Completed 200 OK in 2204ms (Views: 2202.7ms | ActiveRecord: 0.3ms)


Started GET "/" for 127.0.0.1 at 2021-05-16 17:33:32 -0700
Processing by PhotosController#index as HTML
  [1m[36mPhoto Load (0.2ms)[0m  [1mSELECT "photos".* FROM "photos"  ORDER BY created_at[0m
  Rendered photos/index.html.erb within layouts/application (15.0ms)
Completed 200 OK in 332ms (Views: 331.1ms | ActiveRecord: 0.2ms)


Started GET "/" for 127.0.0.1 at 2021-05-16 17:53:29 -0700
Processing by PhotosController#index as HTML
  [1m[35mPhoto Load (43.2ms)[0m  SELECT  "photos".* FROM "photos"  ORDER BY created_at DESC LIMIT 1
  Rendered photos/index.html.erb within layouts/application (109.8ms)
Completed 200 OK in 126ms (Views: 82.3ms | ActiveRecord: 43.2ms)


Started GET "/" for 127.0.0.1 at 2021-05-16 17:53:36 -0700
Processing by PhotosController#index as HTML
  [1m[36mPhoto Load (0.1ms)[0m  [1mSELECT  "photos".* FROM "photos"  ORDER BY created_at DESC LIMIT 1[0m
  Rendered photos/index.html.erb within layouts/application (1.5ms)
Completed 200 OK in 15ms (Views: 14.7ms | ActiveRecord: 0.1ms)


Started GET "/" for 127.0.0.1 at 2021-05-16 17:59:43 -0700
Processing by PhotosController#index as HTML
  [1m[35mPhoto Load (0.3ms)[0m  SELECT  "photos".* FROM "photos"  ORDER BY created_at DESC LIMIT 1
  Rendered photos/index.html.erb within layouts/application (43.9ms)
Completed 200 OK in 121ms (Views: 119.8ms | ActiveRecord: 0.3ms)


Started GET "/" for 127.0.0.1 at 2021-05-16 18:07:08 -0700
Processing by PhotosController#index as HTML
  [1m[36mPhoto Load (30.2ms)[0m  [1mSELECT  "photos".* FROM "photos"  ORDER BY created_at DESC LIMIT 1[0m
  Rendered photos/index.html.erb within layouts/application (11.4ms)
Completed 200 OK in 120ms (Views: 56.8ms | ActiveRecord: 44.2ms)


Started GET "/" for 127.0.0.1 at 2021-05-16 18:07:31 -0700
Processing by PhotosController#index as HTML
  [1m[35mPhoto Load (0.4ms)[0m  SELECT  "photos".* FROM "photos"  ORDER BY created_at DESC LIMIT 1
  Rendered photos/index.html.erb within layouts/application (15.1ms)
Completed 200 OK in 34ms (Views: 31.6ms | ActiveRecord: 0.4ms)


Started GET "/" for 127.0.0.1 at 2021-05-16 18:07:50 -0700
Processing by PhotosController#index as HTML
  [1m[36mPhoto Load (0.1ms)[0m  [1mSELECT  "photos".* FROM "photos"  ORDER BY created_at DESC LIMIT 1[0m
  Rendered photos/index.html.erb within layouts/application (0.7ms)
Completed 200 OK in 15ms (Views: 13.8ms | ActiveRecord: 0.1ms)


Started GET "/" for 127.0.0.1 at 2021-05-16 18:13:50 -0700
Processing by PhotosController#index as HTML
  [1m[35mPhoto Load (0.2ms)[0m  SELECT  "photos".* FROM "photos"  ORDER BY created_at DESC LIMIT 1
  Rendered photos/index.html.erb within layouts/application (136.0ms)
Completed 500 Internal Server Error in 140ms (ActiveRecord: 0.2ms)


Started GET "/" for 127.0.0.1 at 2021-05-16 18:13:52 -0700
Processing by PhotosController#index as HTML
  [1m[36mPhoto Load (0.6ms)[0m  [1mSELECT  "photos".* FROM "photos"  ORDER BY created_at DESC LIMIT 1[0m
  Rendered photos/index.html.erb within layouts/application (8.6ms)
Completed 500 Internal Server Error in 12ms (ActiveRecord: 0.6ms)


Started GET "/" for 127.0.0.1 at 2021-05-16 18:14:29 -0700
Processing by PhotosController#index as HTML
  [1m[35mPhoto Load (1.4ms)[0m  SELECT  "photos".* FROM "photos"  ORDER BY created_at DESC LIMIT 1
  Rendered photos/index.html.erb within layouts/application (12.4ms)
Completed 500 Internal Server Error in 17ms (ActiveRecord: 1.4ms)


Started GET "/" for 127.0.0.1 at 2021-05-16 18:53:35 -0700
  [1m[36mActiveRecord::SchemaMigration Load (0.2ms)[0m  [1mSELECT "schema_migrations".* FROM "schema_migrations"[0m
Processing by PhotosController#index as HTML
  [1m[35mPhoto Load (0.5ms)[0m  SELECT  "photos".* FROM "photos"  ORDER BY created_at DESC LIMIT 1
Command :: identify -format '%wx%h,%[exif:orientation]' '/home/phlip/projects/dade/blog/public/system/photos/images/000/000/001/original/mgarden3.jpg[0]' 2>/dev/null
Completed 500 Internal Server Error in 1634ms (ActiveRecord: 1.1ms)

NoMethodError (undefined method `split' for 360x360:Paperclip::Geometry):
  


  Rendered /usr/lib/ruby/vendor_ruby/action_dispatch/middleware/templates/rescues/_source.erb (0.5ms)
  Rendered /usr/lib/ruby/vendor_ruby/action_dispatch/middleware/templates/rescues/_trace.html.erb (0.5ms)
  Rendered /usr/lib/ruby/vendor_ruby/action_dispatch/middleware/templates/rescues/_request_and_response.html.erb (0.5ms)
  Rendered /usr/lib/ruby/vendor_ruby/action_dispatch/middleware/templates/rescues/diagnostics.html.erb within rescues/layout (16.4ms)
  Rendered /usr/lib/ruby/vendor_ruby/web_console/templates/_markup.html.erb (1.0ms)
  Rendered /usr/lib/ruby/vendor_ruby/web_console/templates/_inner_console_markup.html.erb within layouts/inlined_string (0.3ms)
  Rendered /usr/lib/ruby/vendor_ruby/web_console/templates/_prompt_box_markup.html.erb within layouts/inlined_string (0.2ms)
  Rendered /usr/lib/ruby/vendor_ruby/web_console/templates/style.css.erb within layouts/inlined_string (0.2ms)
  Rendered /usr/lib/ruby/vendor_ruby/web_console/templates/console.js.erb within layouts/javascript (16.8ms)
  Rendered /usr/lib/ruby/vendor_ruby/web_console/templates/main.js.erb within layouts/javascript (0.1ms)
  Rendered /usr/lib/ruby/vendor_ruby/web_console/templates/error_page.js.erb within layouts/javascript (0.2ms)
  Rendered /usr/lib/ruby/vendor_ruby/web_console/templates/index.html.erb (86.5ms)


Started GET "/" for 127.0.0.1 at 2021-05-16 18:54:15 -0700
Processing by PhotosController#index as HTML
  [1m[36mPhoto Load (0.3ms)[0m  [1mSELECT  "photos".* FROM "photos"  ORDER BY created_at DESC LIMIT 1[0m
Command :: identify -format '%wx%h,%[exif:orientation]' '/home/phlip/projects/dade/blog/public/system/photos/images/000/000/001/original/mgarden3.jpg[0]' 2>/dev/null
  Rendered photos/index.html.erb within layouts/application (3.0ms)
Completed 500 Internal Server Error in 54ms (ActiveRecord: 0.5ms)

ActionView::Template::Error (wrong number of arguments (given 0, expected 1..4)):
     7:   <%# TODO  system to CRUD all the photos %>
     8:   <% if @photo && @width && @height %>
     9:     <svg height="<%= @height %>px" width="<%= @width %>px">
    10:       <%= tag.image href: @photo.image.url, height: @height, width: @width %>
    11:     </svg>
    12:   <% end %>
    13: </div>
  app/views/photos/index.html.erb:10:in `_app_views_photos_index_html_erb___4012358927158934957_47106958988280'


  Rendered /usr/lib/ruby/vendor_ruby/action_dispatch/middleware/templates/rescues/_source.erb (3.7ms)
  Rendered /usr/lib/ruby/vendor_ruby/action_dispatch/middleware/templates/rescues/_trace.html.erb (1.4ms)
  Rendered /usr/lib/ruby/vendor_ruby/action_dispatch/middleware/templates/rescues/_request_and_response.html.erb (0.8ms)
  Rendered /usr/lib/ruby/vendor_ruby/action_dispatch/middleware/templates/rescues/template_error.html.erb within rescues/layout (17.9ms)
  Rendered /usr/lib/ruby/vendor_ruby/web_console/templates/_markup.html.erb (0.2ms)
  Rendered /usr/lib/ruby/vendor_ruby/web_console/templates/_inner_console_markup.html.erb within layouts/inlined_string (0.2ms)
  Rendered /usr/lib/ruby/vendor_ruby/web_console/templates/_prompt_box_markup.html.erb within layouts/inlined_string (0.1ms)
  Rendered /usr/lib/ruby/vendor_ruby/web_console/templates/style.css.erb within layouts/inlined_string (0.2ms)
  Rendered /usr/lib/ruby/vendor_ruby/web_console/templates/console.js.erb within layouts/javascript (8.2ms)
  Rendered /usr/lib/ruby/vendor_ruby/web_console/templates/main.js.erb within layouts/javascript (0.2ms)
  Rendered /usr/lib/ruby/vendor_ruby/web_console/templates/error_page.js.erb within layouts/javascript (0.2ms)
  Rendered /usr/lib/ruby/vendor_ruby/web_console/templates/index.html.erb (17.0ms)


Started GET "/" for 127.0.0.1 at 2021-05-16 18:56:54 -0700
Processing by PhotosController#index as HTML
  [1m[35mPhoto Load (0.2ms)[0m  SELECT  "photos".* FROM "photos"  ORDER BY created_at DESC LIMIT 1
Command :: identify -format '%wx%h,%[exif:orientation]' '/home/phlip/projects/dade/blog/public/system/photos/images/000/000/001/original/mgarden3.jpg[0]' 2>/dev/null
  Rendered photos/index.html.erb within layouts/application (0.6ms)
Completed 200 OK in 783ms (Views: 771.7ms | ActiveRecord: 0.2ms)


Started GET "/assets/jquery.self-bd7ddd393353a8d2480a622e80342adf488fb6006d667e8b42e4c0073393abee.js?body=1" for 127.0.0.1 at 2021-05-16 18:56:54 -0700


Started GET "/assets/turbolinks.self-6d31c9800156926aa02076f914b9e3c031e14c4c2bff50ee018c18f77fbedfc1.js?body=1" for 127.0.0.1 at 2021-05-16 18:56:54 -0700


Started GET "/assets/jquery_ujs.self-784a997f6726036b1993eb2217c9cb558e1cbb801c6da88105588c56f13b466a.js?body=1" for 127.0.0.1 at 2021-05-16 18:56:54 -0700


Started GET "/" for 127.0.0.1 at 2021-05-16 18:57:27 -0700
Processing by PhotosController#index as HTML
  [1m[36mPhoto Load (0.2ms)[0m  [1mSELECT  "photos".* FROM "photos"  ORDER BY created_at DESC LIMIT 1[0m
Command :: identify -format '%wx%h,%[exif:orientation]' '/home/phlip/projects/dade/blog/public/system/photos/images/000/000/001/original/mgarden3.jpg[0]' 2>/dev/null
  Rendered photos/index.html.erb within layouts/application (0.5ms)
Completed 200 OK in 39ms (Views: 28.1ms | ActiveRecord: 0.2ms)


Started GET "/" for 127.0.0.1 at 2021-05-16 18:57:55 -0700
Processing by PhotosController#index as HTML
  [1m[35mPhoto Load (0.1ms)[0m  SELECT  "photos".* FROM "photos"  ORDER BY created_at DESC LIMIT 1
Command :: identify -format '%wx%h,%[exif:orientation]' '/home/phlip/projects/dade/blog/public/system/photos/images/000/000/001/original/mgarden3.jpg[0]' 2>/dev/null
  Rendered photos/index.html.erb within layouts/application (1.7ms)
Completed 500 Internal Server Error in 15ms (ActiveRecord: 0.1ms)

ActionView::Template::Error (wrong number of arguments (given 0, expected 1..4)):
     7:   <%# TODO  system to CRUD all the photos %>
     8:   <% if @photo && @width && @height %>
     9:     <svg height="<%= @height.to_i %>px" width="<%= @width.to_i %>px">
    10:       <%= tag.image href: @photo.image.url, height: @height.to_i, width: @width.to_i %>
    11:     </svg>
    12:   <% end %>
    13: </div>
  app/views/photos/index.html.erb:10:in `_app_views_photos_index_html_erb___4012358927158934957_70088241792820'


  Rendered /usr/lib/ruby/vendor_ruby/action_dispatch/middleware/templates/rescues/_source.erb (8.4ms)
  Rendered /usr/lib/ruby/vendor_ruby/action_dispatch/middleware/templates/rescues/_trace.html.erb (2.8ms)
  Rendered /usr/lib/ruby/vendor_ruby/action_dispatch/middleware/templates/rescues/_request_and_response.html.erb (1.0ms)
  Rendered /usr/lib/ruby/vendor_ruby/action_dispatch/middleware/templates/rescues/template_error.html.erb within rescues/layout (20.8ms)
  Rendered /usr/lib/ruby/vendor_ruby/web_console/templates/_markup.html.erb (0.4ms)
  Rendered /usr/lib/ruby/vendor_ruby/web_console/templates/_inner_console_markup.html.erb within layouts/inlined_string (0.2ms)
  Rendered /usr/lib/ruby/vendor_ruby/web_console/templates/_prompt_box_markup.html.erb within layouts/inlined_string (0.2ms)
  Rendered /usr/lib/ruby/vendor_ruby/web_console/templates/style.css.erb within layouts/inlined_string (0.2ms)
  Rendered /usr/lib/ruby/vendor_ruby/web_console/templates/console.js.erb within layouts/javascript (11.0ms)
  Rendered /usr/lib/ruby/vendor_ruby/web_console/templates/main.js.erb within layouts/javascript (0.2ms)
  Rendered /usr/lib/ruby/vendor_ruby/web_console/templates/error_page.js.erb within layouts/javascript (0.3ms)
  Rendered /usr/lib/ruby/vendor_ruby/web_console/templates/index.html.erb (28.7ms)


Started GET "/" for 127.0.0.1 at 2021-05-16 18:57:58 -0700
Processing by PhotosController#index as HTML
  [1m[36mPhoto Load (0.2ms)[0m  [1mSELECT  "photos".* FROM "photos"  ORDER BY created_at DESC LIMIT 1[0m
Command :: identify -format '%wx%h,%[exif:orientation]' '/home/phlip/projects/dade/blog/public/system/photos/images/000/000/001/original/mgarden3.jpg[0]' 2>/dev/null
  Rendered photos/index.html.erb within layouts/application (1.2ms)
Completed 500 Internal Server Error in 18ms (ActiveRecord: 0.2ms)

ActionView::Template::Error (wrong number of arguments (given 0, expected 1..4)):
     7:   <%# TODO  system to CRUD all the photos %>
     8:   <% if @photo && @width && @height %>
     9:     <svg height="<%= @height.to_i %>px" width="<%= @width.to_i %>px">
    10:       <%= tag.image href: @photo.image.url, height: @height.to_i, width: @width.to_i %>
    11:     </svg>
    12:   <% end %>
    13: </div>
  app/views/photos/index.html.erb:10:in `_app_views_photos_index_html_erb___4012358927158934957_70088241792820'


  Rendered /usr/lib/ruby/vendor_ruby/action_dispatch/middleware/templates/rescues/_source.erb (3.5ms)
  Rendered /usr/lib/ruby/vendor_ruby/action_dispatch/middleware/templates/rescues/_trace.html.erb (1.5ms)
  Rendered /usr/lib/ruby/vendor_ruby/action_dispatch/middleware/templates/rescues/_request_and_response.html.erb (0.7ms)
  Rendered /usr/lib/ruby/vendor_ruby/action_dispatch/middleware/templates/rescues/template_error.html.erb within rescues/layout (13.7ms)
  Rendered /usr/lib/ruby/vendor_ruby/web_console/templates/_markup.html.erb (0.3ms)
  Rendered /usr/lib/ruby/vendor_ruby/web_console/templates/_inner_console_markup.html.erb within layouts/inlined_string (0.2ms)
  Rendered /usr/lib/ruby/vendor_ruby/web_console/templates/_prompt_box_markup.html.erb within layouts/inlined_string (0.2ms)
  Rendered /usr/lib/ruby/vendor_ruby/web_console/templates/style.css.erb within layouts/inlined_string (0.2ms)
  Rendered /usr/lib/ruby/vendor_ruby/web_console/templates/console.js.erb within layouts/javascript (12.6ms)
  Rendered /usr/lib/ruby/vendor_ruby/web_console/templates/main.js.erb within layouts/javascript (0.2ms)
  Rendered /usr/lib/ruby/vendor_ruby/web_console/templates/error_page.js.erb within layouts/javascript (0.2ms)
  Rendered /usr/lib/ruby/vendor_ruby/web_console/templates/index.html.erb (21.6ms)


Started GET "/" for 127.0.0.1 at 2021-05-16 19:00:59 -0700
Processing by PhotosController#index as HTML
  [1m[35mPhoto Load (0.3ms)[0m  SELECT  "photos".* FROM "photos"  ORDER BY created_at DESC LIMIT 1
Command :: identify -format '%wx%h,%[exif:orientation]' '/home/phlip/projects/dade/blog/public/system/photos/images/000/000/001/original/mgarden3.jpg[0]' 2>/dev/null
  Rendered photos/index.html.erb within layouts/application (1.0ms)
Completed 200 OK in 28ms (Views: 16.2ms | ActiveRecord: 0.3ms)


Started GET "/" for 127.0.0.1 at 2021-05-16 19:50:36 -0700
Processing by PhotosController#index as HTML
  [1m[36mPhoto Load (23.1ms)[0m  [1mSELECT  "photos".* FROM "photos"  ORDER BY created_at DESC LIMIT 1[0m
Command :: identify -format '%wx%h,%[exif:orientation]' '/home/phlip/projects/dade/blog/public/system/photos/images/000/000/001/original/mgarden3.jpg[0]' 2>/dev/null
  Rendered photos/index.html.erb within layouts/application (2.1ms)
Completed 200 OK in 3482ms (Views: 459.3ms | ActiveRecord: 23.3ms)


Started GET "/" for 127.0.0.1 at 2021-05-16 19:51:49 -0700
Processing by PhotosController#index as HTML
  [1m[35mPhoto Load (0.3ms)[0m  SELECT  "photos".* FROM "photos"  ORDER BY created_at DESC LIMIT 1
Command :: identify -format '%wx%h,%[exif:orientation]' '/home/phlip/projects/dade/blog/public/system/photos/images/000/000/001/original/mgarden3.jpg[0]' 2>/dev/null
  Rendered photos/index.html.erb within layouts/application (0.9ms)
Completed 200 OK in 226ms (Views: 50.4ms | ActiveRecord: 0.3ms)


Started GET "/" for 127.0.0.1 at 2021-05-16 19:51:53 -0700
Processing by PhotosController#index as HTML
  [1m[36mPhoto Load (0.2ms)[0m  [1mSELECT  "photos".* FROM "photos"  ORDER BY created_at DESC LIMIT 1[0m
Command :: identify -format '%wx%h,%[exif:orientation]' '/home/phlip/projects/dade/blog/public/system/photos/images/000/000/001/original/mgarden3.jpg[0]' 2>/dev/null
  Rendered photos/index.html.erb within layouts/application (0.4ms)
Completed 200 OK in 163ms (Views: 21.1ms | ActiveRecord: 0.2ms)


Started GET "/" for 127.0.0.1 at 2021-05-16 20:03:55 -0700
Processing by PhotosController#index as HTML
  [1m[35mPhoto Load (0.7ms)[0m  SELECT  "photos".* FROM "photos"  ORDER BY created_at DESC LIMIT 1
Command :: identify -format '%wx%h,%[exif:orientation]' '/home/phlip/projects/dade/blog/public/system/photos/images/000/000/001/original/mgarden3.jpg[0]' 2>/dev/null
  Rendered photos/index.html.erb within layouts/application (0.8ms)
Completed 200 OK in 1013ms (Views: 18.4ms | ActiveRecord: 0.7ms)


Started GET "/" for 127.0.0.1 at 2021-05-16 20:13:27 -0700
Processing by PhotosController#index as HTML
  [1m[36mPhoto Load (0.2ms)[0m  [1mSELECT  "photos".* FROM "photos"  ORDER BY created_at DESC LIMIT 1[0m
Command :: identify -format '%wx%h,%[exif:orientation]' '/home/phlip/projects/dade/blog/public/system/photos/images/000/000/001/original/mgarden3.jpg[0]' 2>/dev/null
  Rendered photos/index.html.erb within layouts/application (1.0ms)
Completed 500 Internal Server Error in 138ms (ActiveRecord: 0.2ms)


Started GET "/" for 127.0.0.1 at 2021-05-16 20:13:30 -0700
Processing by PhotosController#index as HTML
  [1m[35mPhoto Load (0.3ms)[0m  SELECT  "photos".* FROM "photos"  ORDER BY created_at DESC LIMIT 1
Command :: identify -format '%wx%h,%[exif:orientation]' '/home/phlip/projects/dade/blog/public/system/photos/images/000/000/001/original/mgarden3.jpg[0]' 2>/dev/null
  Rendered photos/index.html.erb within layouts/application (0.8ms)
Completed 500 Internal Server Error in 142ms (ActiveRecord: 0.3ms)


Started GET "/" for 127.0.0.1 at 2021-05-16 20:14:04 -0700
Processing by PhotosController#index as HTML
  [1m[36mPhoto Load (0.1ms)[0m  [1mSELECT  "photos".* FROM "photos"  ORDER BY created_at DESC LIMIT 1[0m
Command :: identify -format '%wx%h,%[exif:orientation]' '/home/phlip/projects/dade/blog/public/system/photos/images/000/000/001/original/mgarden3.jpg[0]' 2>/dev/null
  Rendered photos/index.html.erb within layouts/application (0.9ms)
Completed 200 OK in 149ms (Views: 14.4ms | ActiveRecord: 0.1ms)


Started GET "/assets/jquery.self-bd7ddd393353a8d2480a622e80342adf488fb6006d667e8b42e4c0073393abee.js?body=1" for 127.0.0.1 at 2021-05-16 20:14:04 -0700


Started GET "/" for 127.0.0.1 at 2021-05-16 20:14:26 -0700
Processing by PhotosController#index as HTML
  [1m[35mPhoto Load (0.2ms)[0m  SELECT  "photos".* FROM "photos"  ORDER BY created_at DESC LIMIT 1
Command :: identify -format '%wx%h,%[exif:orientation]' '/home/phlip/projects/dade/blog/public/system/photos/images/000/000/001/original/mgarden3.jpg[0]' 2>/dev/null
  Rendered photos/index.html.erb within layouts/application (1.1ms)
Completed 200 OK in 158ms (Views: 21.4ms | ActiveRecord: 0.2ms)


Started GET "/" for 127.0.0.1 at 2021-05-16 20:14:28 -0700
Processing by PhotosController#index as HTML
  [1m[36mPhoto Load (0.2ms)[0m  [1mSELECT  "photos".* FROM "photos"  ORDER BY created_at DESC LIMIT 1[0m
Command :: identify -format '%wx%h,%[exif:orientation]' '/home/phlip/projects/dade/blog/public/system/photos/images/000/000/001/original/mgarden3.jpg[0]' 2>/dev/null
  Rendered photos/index.html.erb within layouts/application (0.4ms)
Completed 200 OK in 152ms (Views: 16.7ms | ActiveRecord: 0.2ms)


Started GET "/" for 127.0.0.1 at 2021-05-16 20:14:28 -0700
Processing by PhotosController#index as HTML
  [1m[35mPhoto Load (0.2ms)[0m  SELECT  "photos".* FROM "photos"  ORDER BY created_at DESC LIMIT 1
Command :: identify -format '%wx%h,%[exif:orientation]' '/home/phlip/projects/dade/blog/public/system/photos/images/000/000/001/original/mgarden3.jpg[0]' 2>/dev/null
  Rendered photos/index.html.erb within layouts/application (0.4ms)
Completed 200 OK in 158ms (Views: 16.4ms | ActiveRecord: 0.2ms)


Started GET "/" for 127.0.0.1 at 2021-05-16 20:15:19 -0700
Processing by PhotosController#index as HTML
  [1m[36mPhoto Load (0.2ms)[0m  [1mSELECT  "photos".* FROM "photos"  ORDER BY created_at DESC LIMIT 1[0m
Command :: identify -format '%wx%h,%[exif:orientation]' '/home/phlip/projects/dade/blog/public/system/photos/images/000/000/001/original/mgarden3.jpg[0]' 2>/dev/null
  Rendered photos/index.html.erb within layouts/application (0.9ms)
Completed 200 OK in 158ms (Views: 15.9ms | ActiveRecord: 0.2ms)


Started GET "/" for 127.0.0.1 at 2021-05-16 20:15:21 -0700
Processing by PhotosController#index as HTML
  [1m[35mPhoto Load (0.1ms)[0m  SELECT  "photos".* FROM "photos"  ORDER BY created_at DESC LIMIT 1
Command :: identify -format '%wx%h,%[exif:orientation]' '/home/phlip/projects/dade/blog/public/system/photos/images/000/000/001/original/mgarden3.jpg[0]' 2>/dev/null
  Rendered photos/index.html.erb within layouts/application (0.4ms)
Completed 200 OK in 154ms (Views: 19.3ms | ActiveRecord: 0.1ms)


Started GET "/" for 127.0.0.1 at 2021-05-16 20:16:21 -0700
Processing by PhotosController#index as HTML
  [1m[36mPhoto Load (0.2ms)[0m  [1mSELECT  "photos".* FROM "photos"  ORDER BY created_at DESC LIMIT 1[0m
Command :: identify -format '%wx%h,%[exif:orientation]' '/home/phlip/projects/dade/blog/public/system/photos/images/000/000/001/original/mgarden3.jpg[0]' 2>/dev/null
  Rendered photos/index.html.erb within layouts/application (0.4ms)
Completed 200 OK in 152ms (Views: 13.4ms | ActiveRecord: 0.2ms)


Started GET "/photos/new" for 127.0.0.1 at 2021-05-16 20:39:41 -0700
Processing by PhotosController#new as HTML
  Rendered photos/new.html.erb within layouts/application (184.3ms)
Completed 200 OK in 333ms (Views: 331.7ms | ActiveRecord: 0.0ms)


Started GET "/" for 127.0.0.1 at 2021-05-16 20:41:13 -0700
Processing by PhotosController#index as HTML
  [1m[35mPhoto Load (0.7ms)[0m  SELECT  "photos".* FROM "photos"  ORDER BY created_at DESC LIMIT 1
Command :: identify -format '%wx%h,%[exif:orientation]' '/home/phlip/projects/dade/blog/public/system/photos/images/000/000/001/original/mgarden3.jpg[0]' 2>/dev/null
  Rendered photos/index.html.erb within layouts/application (0.8ms)
Completed 200 OK in 2640ms (Views: 30.7ms | ActiveRecord: 0.7ms)


Started GET "/" for 127.0.0.1 at 2021-05-16 20:41:21 -0700
Processing by PhotosController#index as HTML
  [1m[36mPhoto Load (0.1ms)[0m  [1mSELECT  "photos".* FROM "photos"  ORDER BY created_at DESC LIMIT 1[0m
Command :: identify -format '%wx%h,%[exif:orientation]' '/home/phlip/projects/dade/blog/public/system/photos/images/000/000/001/original/mgarden3.jpg[0]' 2>/dev/null
  Rendered photos/index.html.erb within layouts/application (0.4ms)
Completed 200 OK in 155ms (Views: 20.2ms | ActiveRecord: 0.1ms)


Started GET "/" for 127.0.0.1 at 2021-05-16 20:41:50 -0700
Processing by PhotosController#index as HTML
  [1m[35mPhoto Load (0.2ms)[0m  SELECT  "photos".* FROM "photos"  ORDER BY created_at LIMIT 1
Command :: identify -format '%wx%h,%[exif:orientation]' '/home/phlip/projects/dade/blog/public/system/photos/images/000/000/001/original/mgarden3.jpg[0]' 2>/dev/null
  Rendered photos/index.html.erb within layouts/application (0.4ms)
Completed 200 OK in 171ms (Views: 17.9ms | ActiveRecord: 0.4ms)


Started GET "/" for 127.0.0.1 at 2021-05-16 20:41:52 -0700
Processing by PhotosController#index as HTML
  [1m[36mPhoto Load (0.2ms)[0m  [1mSELECT  "photos".* FROM "photos"  ORDER BY created_at LIMIT 1[0m
Command :: identify -format '%wx%h,%[exif:orientation]' '/home/phlip/projects/dade/blog/public/system/photos/images/000/000/001/original/mgarden3.jpg[0]' 2>/dev/null
  Rendered photos/index.html.erb within layouts/application (0.4ms)
Completed 200 OK in 223ms (Views: 14.8ms | ActiveRecord: 0.2ms)


Started POST "/photos" for 127.0.0.1 at 2021-05-16 20:42:02 -0700
Processing by PhotosController#create as HTML
  Parameters: {"utf8"=>"✓", "authenticity_token"=>"aw4GHsRPhyTXfMQvDQfZozWyG0g4wHJGkxtJ1VNriCXWS//k8CM1HhSq7InWY8JahBaSsc6/B1m7/fIcFNj75w==", "title"=>{"{:class=>%22form-control%22}"=>""}, "photo"=>{"image"=>#<ActionDispatch::Http::UploadedFile:0x000055afe27d39c0 @tempfile=#<Tempfile:/tmp/RackMultipart20210516-31244-1ubh8bc.png>, @original_filename="example_remit.png", @content_type="image/png", @headers="Content-Disposition: form-data; name=\"photo[image]\"; filename=\"example_remit.png\"\r\nContent-Type: image/png\r\n">}, "commit"=>"Upload Photo"}
[paperclip] Trying to link /tmp/RackMultipart20210516-31244-1ubh8bc.png to /tmp/d155cea6594f284878da6146a3a01e6c20210516-31244-11zpdrl.png
[paperclip] Trying to link /tmp/d155cea6594f284878da6146a3a01e6c20210516-31244-11zpdrl.png to /tmp/d155cea6594f284878da6146a3a01e6c20210516-31244-p9gzah.png
Command :: file -b --mime '/tmp/d155cea6594f284878da6146a3a01e6c20210516-31244-p9gzah.png'
  [1m[35m (0.1ms)[0m  begin transaction
[paperclip] Trying to link /tmp/d155cea6594f284878da6146a3a01e6c20210516-31244-11zpdrl.png to /tmp/d155cea6594f284878da6146a3a01e6c20210516-31244-9ajwqh.png
Command :: file -b --mime '/tmp/d155cea6594f284878da6146a3a01e6c20210516-31244-9ajwqh.png'
  [1m[36mSQL (34.6ms)[0m  [1mINSERT INTO "photos" ("image_file_name", "image_content_type", "image_file_size", "image_updated_at", "created_at", "updated_at") VALUES (?, ?, ?, ?, ?, ?)[0m  [["image_file_name", "example_remit.png"], ["image_content_type", "image/png"], ["image_file_size", 64497], ["image_updated_at", "2021-05-17 03:42:02.561767"], ["created_at", "2021-05-17 03:42:02.664694"], ["updated_at", "2021-05-17 03:42:02.664694"]]
  [1m[35m (121.6ms)[0m  commit transaction
Redirected to http://localhost:3000/
Completed 302 Found in 292ms (ActiveRecord: 156.3ms)


Started GET "/" for 127.0.0.1 at 2021-05-16 20:42:02 -0700
Processing by PhotosController#index as HTML
  [1m[36mPhoto Load (0.2ms)[0m  [1mSELECT  "photos".* FROM "photos"  ORDER BY created_at LIMIT 1[0m
Command :: identify -format '%wx%h,%[exif:orientation]' '/home/phlip/projects/dade/blog/public/system/photos/images/000/000/001/original/mgarden3.jpg[0]' 2>/dev/null
  Rendered photos/index.html.erb within layouts/application (0.4ms)
Completed 200 OK in 153ms (Views: 19.6ms | ActiveRecord: 0.2ms)


Started GET "/" for 127.0.0.1 at 2021-05-16 20:42:09 -0700
Processing by PhotosController#index as HTML
  [1m[35mPhoto Load (0.2ms)[0m  SELECT  "photos".* FROM "photos"  ORDER BY created_at DESC LIMIT 1
Command :: identify -format '%wx%h,%[exif:orientation]' '/home/phlip/projects/dade/blog/public/system/photos/images/000/000/002/original/example_remit.png[0]' 2>/dev/null
  Rendered photos/index.html.erb within layouts/application (1.3ms)
Completed 200 OK in 3580ms (Views: 18.4ms | ActiveRecord: 0.4ms)


Started GET "/" for 127.0.0.1 at 2021-05-17 04:36:16 -0700
  [1m[36mActiveRecord::SchemaMigration Load (0.1ms)[0m  [1mSELECT "schema_migrations".* FROM "schema_migrations"[0m
Processing by PhotosController#index as HTML
  [1m[35mPhoto Load (0.2ms)[0m  SELECT  "photos".* FROM "photos"  ORDER BY created_at DESC LIMIT 1
Command :: identify -format '%wx%h,%[exif:orientation]' '/home/phlip/projects/dade/blog/public/system/photos/images/000/000/002/original/example_remit.png[0]' 2>/dev/null
  Rendered photos/index.html.erb within layouts/application (2.4ms)
Completed 200 OK in 3974ms (Views: 423.3ms | ActiveRecord: 0.4ms)


Started GET "/assets/jquery.self-bd7ddd393353a8d2480a622e80342adf488fb6006d667e8b42e4c0073393abee.js?body=1" for 127.0.0.1 at 2021-05-17 04:36:21 -0700
